Installing Apache HTTP 2.0 server with
 DomainName =    localhost
 ServerName =    localhost
 ServerAdmin =   admin@localhost
 ServerPort =    8080
 ServerSslPort = 8080
 ServerRoot =    D:/Apache2.2
Rewrote D:/Apache2.2/conf/original/extra/httpd-autoindex.conf.in
 to D:/Apache2.2/conf/original/extra/httpd-autoindex.conf
Successfully removed D:\Apache2.2\conf\original\extra\httpd-autoindex.conf.in
Rewrote D:/Apache2.2/conf/original/extra/httpd-vhosts.conf.in
 to D:/Apache2.2/conf/original/extra/httpd-vhosts.conf
Successfully removed D:\Apache2.2\conf\original\extra\httpd-vhosts.conf.in
Rewrote D:/Apache2.2/conf/original/extra/httpd-default.conf.in
 to D:/Apache2.2/conf/original/extra/httpd-default.conf
Successfully removed D:\Apache2.2\conf\original\extra\httpd-default.conf.in
Rewrote D:/Apache2.2/conf/original/extra/httpd-manual.conf.in
 to D:/Apache2.2/conf/original/extra/httpd-manual.conf
Successfully removed D:\Apache2.2\conf\original\extra\httpd-manual.conf.in
Rewrote D:/Apache2.2/conf/original/extra/httpd-mpm.conf.in
 to D:/Apache2.2/conf/original/extra/httpd-mpm.conf
Successfully removed D:\Apache2.2\conf\original\extra\httpd-mpm.conf.in
Rewrote D:/Apache2.2/conf/original/extra/httpd-info.conf.in
 to D:/Apache2.2/conf/original/extra/httpd-info.conf
Successfully removed D:\Apache2.2\conf\original\extra\httpd-info.conf.in
Rewrote D:/Apache2.2/conf/original/extra/httpd-dav.conf.in
 to D:/Apache2.2/conf/original/extra/httpd-dav.conf
Successfully removed D:\Apache2.2\conf\original\extra\httpd-dav.conf.in
Rewrote D:/Apache2.2/conf/original/extra/httpd-languages.conf.in
 to D:/Apache2.2/conf/original/extra/httpd-languages.conf
Successfully removed D:\Apache2.2\conf\original\extra\httpd-languages.conf.in
Rewrote D:/Apache2.2/conf/original/httpd.conf.in
 to D:/Apache2.2/conf/original/httpd.conf
Successfully removed D:\Apache2.2\conf\original\httpd.conf.in
Rewrote D:/Apache2.2/conf/original/extra/httpd-userdir.conf.in
 to D:/Apache2.2/conf/original/extra/httpd-userdir.conf
Successfully removed D:\Apache2.2\conf\original\extra\httpd-userdir.conf.in
Rewrote D:/Apache2.2/conf/original/extra/httpd-ssl.conf.in
 to D:/Apache2.2/conf/original/extra/httpd-ssl.conf
Successfully removed D:\Apache2.2\conf\original\extra\httpd-ssl.conf.in
Rewrote D:/Apache2.2/conf/original/extra/httpd-multilang-errordoc.conf.in
 to D:/Apache2.2/conf/original/extra/httpd-multilang-errordoc.conf
Successfully removed D:\Apache2.2\conf\original\extra\httpd-multilang-errordoc.conf.in
Duplicated D:/Apache2.2/conf/original/magic
 to D:/Apache2.2/conf/magic
Duplicated D:/Apache2.2/conf/original/extra/httpd-autoindex.conf
 to D:/Apache2.2/conf/extra/httpd-autoindex.conf
Duplicated D:/Apache2.2/conf/original/extra/httpd-vhosts.conf
 to D:/Apache2.2/conf/extra/httpd-vhosts.conf
Duplicated D:/Apache2.2/conf/original/extra/httpd-default.conf
 to D:/Apache2.2/conf/extra/httpd-default.conf
Duplicated D:/Apache2.2/conf/original/mime.types
 to D:/Apache2.2/conf/mime.types
Duplicated D:/Apache2.2/conf/original/charset.conv
 to D:/Apache2.2/conf/charset.conv
Duplicated D:/Apache2.2/conf/original/extra/httpd-manual.conf
 to D:/Apache2.2/conf/extra/httpd-manual.conf
Duplicated D:/Apache2.2/conf/original/extra/httpd-mpm.conf
 to D:/Apache2.2/conf/extra/httpd-mpm.conf
Duplicated D:/Apache2.2/conf/original/extra/httpd-info.conf
 to D:/Apache2.2/conf/extra/httpd-info.conf
Duplicated D:/Apache2.2/conf/original/extra/httpd-dav.conf
 to D:/Apache2.2/conf/extra/httpd-dav.conf
Duplicated D:/Apache2.2/conf/original/extra/httpd-languages.conf
 to D:/Apache2.2/conf/extra/httpd-languages.conf
Duplicated D:/Apache2.2/conf/original/httpd.conf
 to D:/Apache2.2/conf/httpd.conf
Duplicated D:/Apache2.2/conf/original/extra/httpd-userdir.conf
 to D:/Apache2.2/conf/extra/httpd-userdir.conf
Duplicated D:/Apache2.2/conf/original/extra/httpd-ssl.conf
 to D:/Apache2.2/conf/extra/httpd-ssl.conf
Duplicated D:/Apache2.2/conf/original/extra/httpd-multilang-errordoc.conf
 to D:/Apache2.2/conf/extra/httpd-multilang-errordoc.conf
Successfully removed D:\Apache2.2\conf\original\installwinconf.awk
